<?xml version="1.0" encoding="UTF-8"?>
<!-- Generated by org.testng.reporters.JUnitReportReporter -->
<testsuite hostname="SathishChowdary" failures="0" tests="9" name="Runner" time="129.432" errors="0" timestamp="2023-12-19T09:36:59 IST" skipped="0">
  <testcase classname="Runner" name="validateUsernameAndPasswordFields" time="0.176"/>
  <system-out/>
  <testcase classname="Runner" name="validatepageTitle" time="1.248"/>
  <system-out/>
  <testcase classname="Runner" name="getUserNameAndPasswordfieldsAndLogin" time="0.718"/>
  <system-out/>
  <testcase classname="Runner" name="validateDropDownInProductPage" time="0.677"/>
  <system-out/>
  <testcase classname="Runner" name="validateALLProductsByName" time="1.382"/>
  <system-out/>
  <testcase classname="Runner" name="changeSortingOfPriceHighToLowAndCheck" time="0.939"/>
  <system-out/>
  <testcase classname="Runner" name="storingNameAndPriceInJson" time="1.216"/>
  <system-out/>
  <testcase classname="Runner" name="addAllproductsToCartAndCheckout" time="121.744"/>
  <system-out/>
  <testcase classname="Runner" name="addAllproductsToCartAndCheckCartIcon" time="1.332"/>
  <system-out/>
</testsuite> <!-- Runner -->
